STATIC VAR.	swData           of SYSTEM          0       1       
STATIC VAR.	swData2          of SYSTEM          1       1       
STATIC VAR.	swData3          of SYSTEM          2       1       
STATIC VAR.	swData4          of SYSTEM          3       1       
STATIC VAR.	swWidth          of SYSTEM          4       1       
STATIC VAR.	swHeight         of SYSTEM          5       1       
STATIC VAR.	swFrame          of SYSTEM          6       1       
STATIC VAR.	swFrame2         of SYSTEM          7       1       
STATIC VAR.	swFrame3         of SYSTEM          8       1       
STATIC VAR.	swFrame6         of SYSTEM          9       1       
STATIC VAR.	swVMver          of SYSTEM          10      3       0       
STATIC VAR.	swModel          of SYSTEM          11      8       0       
STATIC VAR.	swSmsRcvBuf      of SYSTEM          12      41      0       
STATIC VAR.	swRsRcvBuf       of SYSTEM          13      128     0       
STATIC VAR.	swRcvBuf         of SYSTEM          14      256     0       
STATIC VAR.	swReserved1      of SYSTEM          15      1       
STATIC VAR.	swReserved2      of SYSTEM          16      1       
STATIC VAR.	swReserved3      of SYSTEM          17      1       
STATIC VAR.	swReserved4      of SYSTEM          18      1       
STATIC VAR.	swSbuf           of SYSTEM          19      1       
STATIC VAR.	StoneIn          of SYSTEM          20      1       
0           
STATIC VAR.	StoneOut         of SYSTEM          21      1       
 1          
STATIC VAR.	StoneCoupIn      of SYSTEM          22      1       
 2          
STATIC VAR.	StoneCoupOut     of SYSTEM          23      1       
 3          
STATIC VAR.	UnitStone        of SYSTEM          24      120     0       
STATIC VAR.	MapChip          of SYSTEM          25      5       
 4           5           6           7           8          
STATIC VAR.	Map              of SYSTEM          26      121     
 1           1           1          0           0            1          0           0           
0           0           0            1          0            1           1          0           
 1           1           1           1           1          0            1           1          
 1           1          0            1           1           1           1          0           
0           0            1           1          0           0            1           1          
 1           1           1          0            1           1           1           1          
 1           1           1          0           0            1          0           0           
 1           1           1           1           1          0            1          0           
 1          0           0            1           1           1           1          0           
 1           1          0            1          0           0            1           1          
 1           1          0            1           1          0            1          0           
0            1           1           1           1           1           1           1          
 1           1          0            1           1           1          0            1          
 1           1           1           1           1          0            1          0           
0           0           0           0           0           0           0           0           
0           
STATIC VAR.	Place            of SYSTEM          27      100     
-1          -1          -1          -1          -1          -1          -1          -1          
-1          -1          -1          -1          -1          -1          -1          -1          
-1          -1          -1          -1          -1          -1          -1          -1          
-1          -1          -1          -1          -1          -1          -1          -1          
-1          -1          -1          -1          -1          -1          -1          -1          
-1          -1          -1          -1          -1          -1          -1          -1          
-1          -1          -1          -1          -1          -1          -1          -1          
-1          -1          -1          -1          -1          -1          -1          -1          
-1          -1          -1          -1          -1          -1          -1          -1          
-1          -1          -1          -1          -1          -1          -1          -1          
-1          -1          -1          -1          -1          -1          -1          -1          
-1          -1          -1          -1          -1          -1          -1          -1          
-1          -1          -1          -1          
STATIC VAR.	UnitPlayer       of SYSTEM          28      5       0       
STATIC VAR.	UnitStage        of SYSTEM          29      18      0       
STATIC VAR.	ScrollX          of SYSTEM          30      0       0       
STATIC VAR.	ScrollY          of SYSTEM          31      0       0       
STATIC VAR.	Index            of SetStone                        32      1       
STATIC VAR.	In_Shape         of SetStone                        33      1       
STATIC VAR.	In_Metrial       of SetStone                        34      1       
STATIC VAR.	In_Power         of SetStone                        35      1       
STATIC VAR.	In_State         of SetStone                        36      1       
STATIC VAR.	In_X             of SetStone                        37      1       
STATIC VAR.	In_Y             of SetStone                        38      1       
STATIC VAR.	Index            of GetStoneImageIndex              39      1       
STATIC VAR.	Index            of DrawStone                       40      1       
STATIC VAR.	StageX           of DrawStone                       41      1       
STATIC VAR.	StageY           of DrawStone                       42      1       
STATIC VAR.	StartX           of DrawMap                         43      1       
STATIC VAR.	StartY           of DrawMap                         44      1       
STATIC VAR.	SizeX            of DrawMap                         45      1       
STATIC VAR.	SizeY            of DrawMap                         46      1       
STATIC VAR.	StageX           of DrawMap                         47      1       
STATIC VAR.	StageY           of DrawMap                         48      1       
STATIC VAR.	x                of DrawMap                         49      1       
STATIC VAR.	y                of DrawMap                         50      1       
STATIC VAR.	StageX           of DrawPlayer                      51      1       
STATIC VAR.	StageY           of DrawPlayer                      52      1       
STATIC VAR.	Direction        of MovePlayer                      53      1       
STATIC VAR.	Index            of SetStage                        54      1       
STATIC VAR.	Index            of DrawStage                       55      1       
STATIC VAR.	In_X             of IsMoveAbleCell                  56      1       
STATIC VAR.	In_Y             of IsMoveAbleCell                  57      1       
STATIC VAR.	Index            of MoveStone                       58      1       
STATIC VAR.	Direction        of MoveStone                       59      1       
FUNCTION	SetStone         has 7     args.
FUNCTION	GetStoneImageIndex has 1     args.
FUNCTION	DrawStone        has 3     args.
FUNCTION	DrawMap          has 6     args.
FUNCTION	DrawPlayer       has 2     args.
FUNCTION	MovePlayer       has 1     args.
FUNCTION	SetStage         has 1     args.
FUNCTION	DrawStage        has 1     args.
FUNCTION	IsMoveAbleCell   has 2     args.
FUNCTION	MoveStone        has 2     args.
FUNCTION	EVENT_TIMEOUT    has 0     args.
FUNCTION	EVENT_KEYPRESS   has 0     args.
MEDIA		%%0     has [ 0 0 1 5 ].
MEDIA		%%1     has [ 1 1 1 5 ].
MEDIA		%%2     has [ 2 2 1 5 ].
MEDIA		%%3     has [ 3 3 1 5 ].
MEDIA		%%4     has [ 4 4 1 5 ].
MEDIA		%%5     has [ 5 5 1 5 ].
MEDIA		%%6     has [ 6 6 1 5 ].
MEDIA		%%7     has [ 7 7 1 5 ].
MEDIA		%%8     has [ 8 8 1 5 ].
CODESIZE	2        Bytes in $init           
CODESIZE	186      Bytes in SetStone        
CODESIZE	50       Bytes in GetStoneImageIndex
LABEL		$$1              of DrawStone       
LABEL		$$2              of DrawStone       
LABEL		$$3              of DrawStone       
LABEL		$$4              of DrawStone       
LABEL		$$0              of DrawStone       
CODESIZE	494      Bytes in DrawStone       
LABEL		$$5              of DrawMap         
LABEL		$$8              of DrawMap         
LABEL		$$15             of DrawMap         
LABEL		$$14             of DrawMap         
LABEL		$$13             of DrawMap         
LABEL		$$11             of DrawMap         
LABEL		$$10             of DrawMap         
LABEL		$$7              of DrawMap         
LABEL		$$6              of DrawMap         
CODESIZE	382      Bytes in DrawMap         
CODESIZE	58       Bytes in DrawPlayer      
LABEL		$$17             of MovePlayer      
LABEL		$$18             of MovePlayer      
LABEL		$$19             of MovePlayer      
LABEL		$$20             of MovePlayer      
LABEL		$$16             of MovePlayer      
CODESIZE	280      Bytes in MovePlayer      
CODESIZE	8        Bytes in SetStage        
CODESIZE	8        Bytes in DrawStage       
LABEL		$$27             of IsMoveAbleCell  
LABEL		$$25             of IsMoveAbleCell  
CODESIZE	96       Bytes in IsMoveAbleCell  
LABEL		$$29             of MoveStone       
LABEL		$$30             of MoveStone       
LABEL		$$31             of MoveStone       
LABEL		$$32             of MoveStone       
LABEL		$$28             of MoveStone       
CODESIZE	556      Bytes in MoveStone       
CODESIZE	22       Bytes in main            
CODESIZE	80       Bytes in EVENT_TIMEOUT   
LABEL		$$38             of EVENT_KEYPRESS  
LABEL		$$39             of EVENT_KEYPRESS  
LABEL		$$40             of EVENT_KEYPRESS  
LABEL		$$41             of EVENT_KEYPRESS  
LABEL		$$37             of EVENT_KEYPRESS  
CODESIZE	124      Bytes in EVENT_KEYPRESS  
000th Func is '$init'
001th Func is 'DrawMap'
002th Func is 'DrawPlayer'
003th Func is 'DrawStage'
004th Func is 'DrawStone'
005th Func is 'EVENT_KEYPRESS'
006th Func is 'EVENT_TIMEOUT'
007th Func is 'GetStoneImageIndex'
008th Func is 'IsMoveAbleCell'
009th Func is 'MovePlayer'
010th Func is 'MoveStone'
011th Func is 'SetStage'
012th Func is 'SetStone'
013th Func is 'main'
-------------------------------------------------
Optimize Function '$init()'
		Code Length : 2 Byte(s).
		Final Optimized Code Length : 2 Byte(s).
-------------------------------------------------
-------------------------------------------------
Optimize Function 'SetStone()'
		Code Length : 186 Byte(s).
		Final Optimized Code Length : 186 Byte(s).
-------------------------------------------------
-------------------------------------------------
Optimize Function 'GetStoneImageIndex()'
		Code Length : 50 Byte(s).
		Final Optimized Code Length : 50 Byte(s).
-------------------------------------------------
-------------------------------------------------
Optimize Function 'DrawStone()'
		Code Length : 494 Byte(s).
		Final Optimized Code Length : 494 Byte(s).
-------------------------------------------------
-------------------------------------------------
Optimize Function 'DrawMap()'
		Code Length : 382 Byte(s).
	pushz		x of Function DrawMap
	pushz		StartX of Function DrawMap
	add
		Step.1 Reduced Original Code Length : 372 Byte(s).

		==> addzz		49 ( x of Function DrawMap )		43 ( StartX of Function DrawMap )
		Step.2 Optimized Code Length : 378 Byte(s).

	pushz		x of Function DrawMap
	pushz		StartX of Function DrawMap
	add
		Step.1 Reduced Original Code Length : 368 Byte(s).

		==> addzz		49 ( x of Function DrawMap )		43 ( StartX of Function DrawMap )
		Step.2 Optimized Code Length : 374 Byte(s).

	pushz		y of Function DrawMap
	pushz		StartY of Function DrawMap
	add
		Step.1 Reduced Original Code Length : 364 Byte(s).

		==> addzz		50 ( y of Function DrawMap )		44 ( StartY of Function DrawMap )
		Step.2 Optimized Code Length : 370 Byte(s).

	pushz		y of Function DrawMap
	pushz		StartY of Function DrawMap
	add
		Step.1 Reduced Original Code Length : 360 Byte(s).

		==> addzz		50 ( y of Function DrawMap )		44 ( StartY of Function DrawMap )
		Step.2 Optimized Code Length : 366 Byte(s).

	pushz		StageX of Function DrawMap
	add
		Step.1 Reduced Original Code Length : 360 Byte(s).

		==> addz		47 ( StageX of Function DrawMap )
		Step.2 Optimized Code Length : 364 Byte(s).

	pushz		StageY of Function DrawMap
	add
		Step.1 Reduced Original Code Length : 358 Byte(s).

		==> addz		48 ( StageY of Function DrawMap )
		Step.2 Optimized Code Length : 362 Byte(s).

	pushz		x of Function DrawMap
	pushz		StartX of Function DrawMap
	add
		Step.1 Reduced Original Code Length : 352 Byte(s).

		==> addzz		49 ( x of Function DrawMap )		43 ( StartX of Function DrawMap )
		Step.2 Optimized Code Length : 358 Byte(s).

	pushz		y of Function DrawMap
	pushz		StartY of Function DrawMap
	add
		Step.1 Reduced Original Code Length : 348 Byte(s).

		==> addzz		50 ( y of Function DrawMap )		44 ( StartY of Function DrawMap )
		Step.2 Optimized Code Length : 354 Byte(s).

	pushz		StageX of Function DrawMap
	add
		Step.1 Reduced Original Code Length : 348 Byte(s).

		==> addz		47 ( StageX of Function DrawMap )
		Step.2 Optimized Code Length : 352 Byte(s).

	pushz		StageY of Function DrawMap
	add
		Step.1 Reduced Original Code Length : 346 Byte(s).

		==> addz		48 ( StageY of Function DrawMap )
		Step.2 Optimized Code Length : 350 Byte(s).

	pushz		StageX of Function DrawMap
	add
		Step.1 Reduced Original Code Length : 344 Byte(s).

		==> addz		47 ( StageX of Function DrawMap )
		Step.2 Optimized Code Length : 348 Byte(s).

	pushz		StageY of Function DrawMap
	add
		Step.1 Reduced Original Code Length : 342 Byte(s).

		==> addz		48 ( StageY of Function DrawMap )
		Step.2 Optimized Code Length : 346 Byte(s).

		Final Optimized Code Length : 346 Byte(s).
-------------------------------------------------
-------------------------------------------------
Optimize Function 'DrawPlayer()'
		Code Length : 58 Byte(s).
	pushz		StageX of Function DrawPlayer
	add
		Step.1 Reduced Original Code Length : 52 Byte(s).

		==> addz		51 ( StageX of Function DrawPlayer )
		Step.2 Optimized Code Length : 56 Byte(s).

	pushz		StageY of Function DrawPlayer
	add
		Step.1 Reduced Original Code Length : 50 Byte(s).

		==> addz		52 ( StageY of Function DrawPlayer )
		Step.2 Optimized Code Length : 54 Byte(s).

		Final Optimized Code Length : 54 Byte(s).
-------------------------------------------------
-------------------------------------------------
Optimize Function 'MovePlayer()'
		Code Length : 280 Byte(s).
		Final Optimized Code Length : 280 Byte(s).
-------------------------------------------------
-------------------------------------------------
Optimize Function 'SetStage()'
		Code Length : 8 Byte(s).
		Final Optimized Code Length : 8 Byte(s).
-------------------------------------------------
-------------------------------------------------
Optimize Function 'DrawStage()'
		Code Length : 8 Byte(s).
		Final Optimized Code Length : 8 Byte(s).
-------------------------------------------------
-------------------------------------------------
Optimize Function 'IsMoveAbleCell()'
		Code Length : 96 Byte(s).
		Final Optimized Code Length : 96 Byte(s).
-------------------------------------------------
-------------------------------------------------
Optimize Function 'MoveStone()'
		Code Length : 556 Byte(s).
		Final Optimized Code Length : 556 Byte(s).
-------------------------------------------------
-------------------------------------------------
Optimize Function 'main()'
		Code Length : 22 Byte(s).
		Final Optimized Code Length : 22 Byte(s).
-------------------------------------------------
-------------------------------------------------
Optimize Function 'EVENT_TIMEOUT()'
		Code Length : 80 Byte(s).
		Final Optimized Code Length : 80 Byte(s).
-------------------------------------------------
-------------------------------------------------
Optimize Function 'EVENT_KEYPRESS()'
		Code Length : 124 Byte(s).
		Final Optimized Code Length : 124 Byte(s).
-------------------------------------------------
FUNC COUNT: 14
Set FUNC ADDRESS : $init [0x00000080]
Set FUNC ADDRESS : DrawMap [0x00000082]
Set FUNC ADDRESS : DrawPlayer [0x000001DC]
Set FUNC ADDRESS : DrawStage [0x00000212]
Set FUNC ADDRESS : DrawStone [0x0000021A]
Set FUNC ADDRESS : EVENT_KEYPRESS [0x00000408]
Set FUNC ADDRESS : EVENT_TIMEOUT [0x00000484]
Set FUNC ADDRESS : GetStoneImageIndex [0x000004D4]
Set FUNC ADDRESS : IsMoveAbleCell [0x00000506]
Set FUNC ADDRESS : MovePlayer [0x00000566]
Set FUNC ADDRESS : MoveStone [0x0000067E]
Set FUNC ADDRESS : SetStage [0x000008AA]
Set FUNC ADDRESS : SetStone [0x000008B2]
Set FUNC ADDRESS : main [0x0000096C]

FUNCTION : $init()
{
	0x00000080 : ret	// , $init, -1 - SAL : 136
}


FUNCTION : DrawMap()
{
	0x00000082 : nop	// , DrawMap, -1 - SAL : 367
	0x00000084 : popz		48 ( StageY of Function DrawMap )	// , DrawMap, -1 - SAL : 368
	0x00000088 : popz		47 ( StageX of Function DrawMap )	// , DrawMap, -1 - SAL : 369
	0x0000008C : popz		46 ( SizeY of Function DrawMap )	// , DrawMap, -1 - SAL : 370
	0x00000090 : popz		45 ( SizeX of Function DrawMap )	// , DrawMap, -1 - SAL : 371
	0x00000094 : popz		44 ( StartY of Function DrawMap )	// , DrawMap, -1 - SAL : 372
	0x00000098 : popz		43 ( StartX of Function DrawMap )	// , DrawMap, -1 - SAL : 373
	0x0000009C : zsetc		49 ( x of Function DrawMap )		0	// , DrawMap, -1 - SAL : 374
	0x000000A2 : pushz		49 ( x of Function DrawMap )	// , DrawMap, -1 - SAL : 375
	0x000000A6 : pushz		45 ( SizeX of Function DrawMap )	// , DrawMap, -1 - SAL : 376
	0x000000AA : pushc		10	// , DrawMap, -1 - SAL : 377
	0x000000AE : add	// , DrawMap, -1 - SAL : 378
	0x000000B0 : lt	// , DrawMap, -1 - SAL : 379
	0x000000B2 : fjp		0x000001DA	// , DrawMap, -1 - SAL : 380
	0x000000B8 : zsetc		50 ( y of Function DrawMap )		0	// , DrawMap, -1 - SAL : 381
	0x000000BE : pushz		50 ( y of Function DrawMap )	// , DrawMap, -1 - SAL : 382
	0x000000C2 : pushz		46 ( SizeY of Function DrawMap )	// , DrawMap, -1 - SAL : 383
	0x000000C6 : pushc		10	// , DrawMap, -1 - SAL : 384
	0x000000CA : add	// , DrawMap, -1 - SAL : 385
	0x000000CC : lt	// , DrawMap, -1 - SAL : 386
	0x000000CE : fjp		0x000001CE	// , DrawMap, -1 - SAL : 387
	0x000000D4 : addzz		49 ( x of Function DrawMap )		43 ( StartX of Function DrawMap )	// , DrawMap, -1 - SAL : 388
	0x000000DA : pushc		-1	// , DrawMap, -1 - SAL : 391
	0x000000DE : gt	// , DrawMap, -1 - SAL : 392
	0x000000E0 : dup	// , DrawMap, -1 - SAL : 393
	0x000000E2 : fjp		0x000000F8	// , DrawMap, -1 - SAL : 394
	0x000000E8 : popz		17 ( swReserved3 )	// , DrawMap, -1 - SAL : 395
	0x000000EC : addzz		49 ( x of Function DrawMap )		43 ( StartX of Function DrawMap )	// , DrawMap, -1 - SAL : 396
	0x000000F2 : pushc		11	// , DrawMap, -1 - SAL : 399
	0x000000F6 : lt	// , DrawMap, -1 - SAL : 400
	0x000000F8 : dup	// , DrawMap, -1 - SAL : 401
	0x000000FA : fjp		0x00000110	// , DrawMap, -1 - SAL : 402
	0x00000100 : popz		17 ( swReserved3 )	// , DrawMap, -1 - SAL : 403
	0x00000104 : addzz		50 ( y of Function DrawMap )		44 ( StartY of Function DrawMap )	// , DrawMap, -1 - SAL : 404
	0x0000010A : pushc		-1	// , DrawMap, -1 - SAL : 407
	0x0000010E : gt	// , DrawMap, -1 - SAL : 408
	0x00000110 : dup	// , DrawMap, -1 - SAL : 409
	0x00000112 : fjp		0x00000128	// , DrawMap, -1 - SAL : 410
	0x00000118 : popz		17 ( swReserved3 )	// , DrawMap, -1 - SAL : 411
	0x0000011C : addzz		50 ( y of Function DrawMap )		44 ( StartY of Function DrawMap )	// , DrawMap, -1 - SAL : 412
	0x00000122 : pushc		11	// , DrawMap, -1 - SAL : 415
	0x00000126 : lt	// , DrawMap, -1 - SAL : 416
	0x00000128 : fjp		0x00000176	// , DrawMap, -1 - SAL : 417
	0x0000012E : pushz		49 ( x of Function DrawMap )	// , DrawMap, -1 - SAL : 418
	0x00000132 : pushc		16	// , DrawMap, -1 - SAL : 419
	0x00000136 : mult	// , DrawMap, -1 - SAL : 420
	0x00000138 : addz		47 ( StageX of Function DrawMap )	// , DrawMap, -1 - SAL : 421
	0x0000013C : pushz		50 ( y of Function DrawMap )	// , DrawMap, -1 - SAL : 423
	0x00000140 : pushc		16	// , DrawMap, -1 - SAL : 424
	0x00000144 : mult	// , DrawMap, -1 - SAL : 425
	0x00000146 : addz		48 ( StageY of Function DrawMap )	// , DrawMap, -1 - SAL : 426
	0x0000014A : addzz		49 ( x of Function DrawMap )		43 ( StartX of Function DrawMap )	// , DrawMap, -1 - SAL : 428
	0x00000150 : addzz		50 ( y of Function DrawMap )		44 ( StartY of Function DrawMap )	// , DrawMap, -1 - SAL : 431
	0x00000156 : pushc		11	// , DrawMap, -1 - SAL : 434
	0x0000015A : mult	// , DrawMap, -1 - SAL : 435
	0x0000015C : add	// , DrawMap, -1 - SAL : 436
	0x0000015E : ldrz		26 ( Map )	// , DrawMap, -1 - SAL : 437
	0x00000162 : add	// , DrawMap, -1 - SAL : 438
	0x00000164 : ixa	// , DrawMap, -1 - SAL : 439
	0x00000166 : ldrz		25 ( MapChip )	// , DrawMap, -1 - SAL : 440
	0x0000016A : add	// , DrawMap, -1 - SAL : 441
	0x0000016C : ixa	// , DrawMap, -1 - SAL : 442
	0x0000016E : CopyImage	// , DrawMap, -1 - SAL : 443
	0x00000170 : ujp		0x000001C2	// , DrawMap, -1 - SAL : 444
	0x00000176 : pushc		3	// , DrawMap, -1 - SAL : 445
	0x0000017A : calls		SetColor(38)	// , DrawMap, -1 - SAL : 446
	0x0000017E : pushz		49 ( x of Function DrawMap )	// , DrawMap, -1 - SAL : 447
	0x00000182 : pushc		16	// , DrawMap, -1 - SAL : 448
	0x00000186 : mult	// , DrawMap, -1 - SAL : 449
	0x00000188 : addz		47 ( StageX of Function DrawMap )	// , DrawMap, -1 - SAL : 450
	0x0000018C : pushz		50 ( y of Function DrawMap )	// , DrawMap, -1 - SAL : 452
	0x00000190 : pushc		16	// , DrawMap, -1 - SAL : 453
	0x00000194 : mult	// , DrawMap, -1 - SAL : 454
	0x00000196 : addz		48 ( StageY of Function DrawMap )	// , DrawMap, -1 - SAL : 455
	0x0000019A : pushz		49 ( x of Function DrawMap )	// , DrawMap, -1 - SAL : 457
	0x0000019E : inc	// , DrawMap, -1 - SAL : 458
	0x000001A0 : pushc		16	// , DrawMap, -1 - SAL : 459
	0x000001A4 : mult	// , DrawMap, -1 - SAL : 460
	0x000001A6 : addz		47 ( StageX of Function DrawMap )	// , DrawMap, -1 - SAL : 461
	0x000001AA : dec	// , DrawMap, -1 - SAL : 463
	0x000001AC : pushz		50 ( y of Function DrawMap )	// , DrawMap, -1 - SAL : 464
	0x000001B0 : inc	// , DrawMap, -1 - SAL : 465
	0x000001B2 : pushc		16	// , DrawMap, -1 - SAL : 466
	0x000001B6 : mult	// , DrawMap, -1 - SAL : 467
	0x000001B8 : addz		48 ( StageY of Function DrawMap )	// , DrawMap, -1 - SAL : 468
	0x000001BC : dec	// , DrawMap, -1 - SAL : 470
	0x000001BE : calls		FillRect(70)	// , DrawMap, -1 - SAL : 471
	0x000001C2 : incz		50 ( y of Function DrawMap )		1	// , DrawMap, -1 - SAL : 472
	0x000001C8 : ujp		0x000000BE	// , DrawMap, -1 - SAL : 473
	0x000001CE : incz		49 ( x of Function DrawMap )		1	// , DrawMap, -1 - SAL : 474
	0x000001D4 : ujp		0x000000A2	// , DrawMap, -1 - SAL : 475
	0x000001DA : ret	// , DrawMap, -1 - SAL : 476
}


FUNCTION : DrawPlayer()
{
	0x000001DC : nop	// , DrawPlayer, -1 - SAL : 477
	0x000001DE : popz		52 ( StageY of Function DrawPlayer )	// , DrawPlayer, -1 - SAL : 478
	0x000001E2 : popz		51 ( StageX of Function DrawPlayer )	// , DrawPlayer, -1 - SAL : 479
	0x000001E6 : ldrz		28 ( UnitPlayer )	// , DrawPlayer, -1 - SAL : 480
	0x000001EA : ixa	// , DrawPlayer, -1 - SAL : 481
	0x000001EC : pushc		16	// , DrawPlayer, -1 - SAL : 482
	0x000001F0 : mult	// , DrawPlayer, -1 - SAL : 483
	0x000001F2 : addz		51 ( StageX of Function DrawPlayer )	// , DrawPlayer, -1 - SAL : 484
	0x000001F6 : ldrz		28 ( UnitPlayer )	// , DrawPlayer, -1 - SAL : 486
	0x000001FA : inc	// , DrawPlayer, -1 - SAL : 487
	0x000001FC : ixa	// , DrawPlayer, -1 - SAL : 488
	0x000001FE : pushc		16	// , DrawPlayer, -1 - SAL : 489
	0x00000202 : mult	// , DrawPlayer, -1 - SAL : 490
	0x00000204 : addz		52 ( StageY of Function DrawPlayer )	// , DrawPlayer, -1 - SAL : 491
	0x00000208 : pushic		25 ( MapChip )		4	// , DrawPlayer, -1 - SAL : 493
	0x0000020E : CopyImage	// , DrawPlayer, -1 - SAL : 494
	0x00000210 : ret	// , DrawPlayer, -1 - SAL : 495
}


FUNCTION : DrawStage()
{
	0x00000212 : nop	// , DrawStage, -1 - SAL : 581
	0x00000214 : popz		55 ( Index of Function DrawStage )	// , DrawStage, -1 - SAL : 582
	0x00000218 : ret	// , DrawStage, -1 - SAL : 583
}


FUNCTION : DrawStone()
{
	0x0000021A : nop	// , DrawStone, -1 - SAL : 214
	0x0000021C : popz		42 ( StageY of Function DrawStone )	// , DrawStone, -1 - SAL : 215
	0x00000220 : popz		41 ( StageX of Function DrawStone )	// , DrawStone, -1 - SAL : 216
	0x00000224 : popz		40 ( Index of Function DrawStone )	// , DrawStone, -1 - SAL : 217
	0x00000228 : ssp	// , DrawStone, -1 - SAL : 218
	0x0000022A : pushz		40 ( Index of Function DrawStone )	// , DrawStone, -1 - SAL : 219
	0x0000022E : pushc		6	// , DrawStone, -1 - SAL : 220
	0x00000232 : mult	// , DrawStone, -1 - SAL : 221
	0x00000234 : ldrz		24 ( UnitStone )	// , DrawStone, -1 - SAL : 222
	0x00000238 : add	// , DrawStone, -1 - SAL : 223
	0x0000023A : pushc		3	// , DrawStone, -1 - SAL : 224
	0x0000023E : add	// , DrawStone, -1 - SAL : 225
	0x00000240 : ixa	// , DrawStone, -1 - SAL : 226
	0x00000242 : dup	// , DrawStone, -1 - SAL : 227
	0x00000244 : eqjp		4		0x0000027C	// , DrawStone, -1 - SAL : 228
	0x0000024C : dup	// , DrawStone, -1 - SAL : 229
	0x0000024E : eqjp		5		0x000002E0	// , DrawStone, -1 - SAL : 230
	0x00000256 : dup	// , DrawStone, -1 - SAL : 231
	0x00000258 : eqjp		2		0x00000344	// , DrawStone, -1 - SAL : 232
	0x00000260 : dup	// , DrawStone, -1 - SAL : 233
	0x00000262 : eqjp		3		0x000003A8	// , DrawStone, -1 - SAL : 234
	0x0000026A : dup	// , DrawStone, -1 - SAL : 235
	0x0000026C : eqjp		1		0x000003A8	// , DrawStone, -1 - SAL : 236
	0x00000274 : rsp	// , DrawStone, -1 - SAL : 237
	0x00000276 : ujp		0x00000406	// , DrawStone, -1 - SAL : 238
	0x0000027C : rsp	// , DrawStone, -1 - SAL : 239
	0x0000027E : pushz		41 ( StageX of Function DrawStone )	// , DrawStone, -1 - SAL : 240
	0x00000282 : pushz		40 ( Index of Function DrawStone )	// , DrawStone, -1 - SAL : 241
	0x00000286 : pushc		6	// , DrawStone, -1 - SAL : 242
	0x0000028A : mult	// , DrawStone, -1 - SAL : 243
	0x0000028C : ldrz		24 ( UnitStone )	// , DrawStone, -1 - SAL : 244
	0x00000290 : add	// , DrawStone, -1 - SAL : 245
	0x00000292 : pushc		4	// , DrawStone, -1 - SAL : 246
	0x00000296 : add	// , DrawStone, -1 - SAL : 247
	0x00000298 : ixa	// , DrawStone, -1 - SAL : 248
	0x0000029A : pushc		16	// , DrawStone, -1 - SAL : 249
	0x0000029E : mult	// , DrawStone, -1 - SAL : 250
	0x000002A0 : add	// , DrawStone, -1 - SAL : 251
	0x000002A2 : pushz		42 ( StageY of Function DrawStone )	// , DrawStone, -1 - SAL : 252
	0x000002A6 : pushz		40 ( Index of Function DrawStone )	// , DrawStone, -1 - SAL : 253
	0x000002AA : pushc		6	// , DrawStone, -1 - SAL : 254
	0x000002AE : mult	// , DrawStone, -1 - SAL : 255
	0x000002B0 : ldrz		24 ( UnitStone )	// , DrawStone, -1 - SAL : 256
	0x000002B4 : add	// , DrawStone, -1 - SAL : 257
	0x000002B6 : pushc		5	// , DrawStone, -1 - SAL : 258
	0x000002BA : add	// , DrawStone, -1 - SAL : 259
	0x000002BC : ixa	// , DrawStone, -1 - SAL : 260
	0x000002BE : pushc		16	// , DrawStone, -1 - SAL : 261
	0x000002C2 : mult	// , DrawStone, -1 - SAL : 262
	0x000002C4 : add	// , DrawStone, -1 - SAL : 263
	0x000002C6 : pushz		40 ( Index of Function DrawStone )	// , DrawStone, -1 - SAL : 264
	0x000002CA : call		0x000004D4	// , DrawStone, -1 - SAL : 265
	0x000002D0 : ldrz		22 ( StoneCoupIn )	// , DrawStone, -1 - SAL : 266
	0x000002D4 : add	// , DrawStone, -1 - SAL : 267
	0x000002D6 : ixa	// , DrawStone, -1 - SAL : 268
	0x000002D8 : CopyImage	// , DrawStone, -1 - SAL : 269
	0x000002DA : ujp		0x00000406	// , DrawStone, -1 - SAL : 270
	0x000002E0 : rsp	// , DrawStone, -1 - SAL : 271
	0x000002E2 : pushz		41 ( StageX of Function DrawStone )	// , DrawStone, -1 - SAL : 272
	0x000002E6 : pushz		40 ( Index of Function DrawStone )	// , DrawStone, -1 - SAL : 273
	0x000002EA : pushc		6	// , DrawStone, -1 - SAL : 274
	0x000002EE : mult	// , DrawStone, -1 - SAL : 275
	0x000002F0 : ldrz		24 ( UnitStone )	// , DrawStone, -1 - SAL : 276
	0x000002F4 : add	// , DrawStone, -1 - SAL : 277
	0x000002F6 : pushc		4	// , DrawStone, -1 - SAL : 278
	0x000002FA : add	// , DrawStone, -1 - SAL : 279
	0x000002FC : ixa	// , DrawStone, -1 - SAL : 280
	0x000002FE : pushc		16	// , DrawStone, -1 - SAL : 281
	0x00000302 : mult	// , DrawStone, -1 - SAL : 282
	0x00000304 : add	// , DrawStone, -1 - SAL : 283
	0x00000306 : pushz		42 ( StageY of Function DrawStone )	// , DrawStone, -1 - SAL : 284
	0x0000030A : pushz		40 ( Index of Function DrawStone )	// , DrawStone, -1 - SAL : 285
	0x0000030E : pushc		6	// , DrawStone, -1 - SAL : 286
	0x00000312 : mult	// , DrawStone, -1 - SAL : 287
	0x00000314 : ldrz		24 ( UnitStone )	// , DrawStone, -1 - SAL : 288
	0x00000318 : add	// , DrawStone, -1 - SAL : 289
	0x0000031A : pushc		5	// , DrawStone, -1 - SAL : 290
	0x0000031E : add	// , DrawStone, -1 - SAL : 291
	0x00000320 : ixa	// , DrawStone, -1 - SAL : 292
	0x00000322 : pushc		16	// , DrawStone, -1 - SAL : 293
	0x00000326 : mult	// , DrawStone, -1 - SAL : 294
	0x00000328 : add	// , DrawStone, -1 - SAL : 295
	0x0000032A : pushz		40 ( Index of Function DrawStone )	// , DrawStone, -1 - SAL : 296
	0x0000032E : call		0x000004D4	// , DrawStone, -1 - SAL : 297
	0x00000334 : ldrz		23 ( StoneCoupOut )	// , DrawStone, -1 - SAL : 298
	0x00000338 : add	// , DrawStone, -1 - SAL : 299
	0x0000033A : ixa	// , DrawStone, -1 - SAL : 300
	0x0000033C : CopyImage	// , DrawStone, -1 - SAL : 301
	0x0000033E : ujp		0x00000406	// , DrawStone, -1 - SAL : 302
	0x00000344 : rsp	// , DrawStone, -1 - SAL : 303
	0x00000346 : pushz		41 ( StageX of Function DrawStone )	// , DrawStone, -1 - SAL : 304
	0x0000034A : pushz		40 ( Index of Function DrawStone )	// , DrawStone, -1 - SAL : 305
	0x0000034E : pushc		6	// , DrawStone, -1 - SAL : 306
	0x00000352 : mult	// , DrawStone, -1 - SAL : 307
	0x00000354 : ldrz		24 ( UnitStone )	// , DrawStone, -1 - SAL : 308
	0x00000358 : add	// , DrawStone, -1 - SAL : 309
	0x0000035A : pushc		4	// , DrawStone, -1 - SAL : 310
	0x0000035E : add	// , DrawStone, -1 - SAL : 311
	0x00000360 : ixa	// , DrawStone, -1 - SAL : 312
	0x00000362 : pushc		16	// , DrawStone, -1 - SAL : 313
	0x00000366 : mult	// , DrawStone, -1 - SAL : 314
	0x00000368 : add	// , DrawStone, -1 - SAL : 315
	0x0000036A : pushz		42 ( StageY of Function DrawStone )	// , DrawStone, -1 - SAL : 316
	0x0000036E : pushz		40 ( Index of Function DrawStone )	// , DrawStone, -1 - SAL : 317
	0x00000372 : pushc		6	// , DrawStone, -1 - SAL : 318
	0x00000376 : mult	// , DrawStone, -1 - SAL : 319
	0x00000378 : ldrz		24 ( UnitStone )	// , DrawStone, -1 - SAL : 320
	0x0000037C : add	// , DrawStone, -1 - SAL : 321
	0x0000037E : pushc		5	// , DrawStone, -1 - SAL : 322
	0x00000382 : add	// , DrawStone, -1 - SAL : 323
	0x00000384 : ixa	// , DrawStone, -1 - SAL : 324
	0x00000386 : pushc		16	// , DrawStone, -1 - SAL : 325
	0x0000038A : mult	// , DrawStone, -1 - SAL : 326
	0x0000038C : add	// , DrawStone, -1 - SAL : 327
	0x0000038E : pushz		40 ( Index of Function DrawStone )	// , DrawStone, -1 - SAL : 328
	0x00000392 : call		0x000004D4	// , DrawStone, -1 - SAL : 329
	0x00000398 : ldrz		20 ( StoneIn )	// , DrawStone, -1 - SAL : 330
	0x0000039C : add	// , DrawStone, -1 - SAL : 331
	0x0000039E : ixa	// , DrawStone, -1 - SAL : 332
	0x000003A0 : CopyImage	// , DrawStone, -1 - SAL : 333
	0x000003A2 : ujp		0x00000406	// , DrawStone, -1 - SAL : 334
	0x000003A8 : rsp	// , DrawStone, -1 - SAL : 335
	0x000003AA : pushz		41 ( StageX of Function DrawStone )	// , DrawStone, -1 - SAL : 336
	0x000003AE : pushz		40 ( Index of Function DrawStone )	// , DrawStone, -1 - SAL : 337
	0x000003B2 : pushc		6	// , DrawStone, -1 - SAL : 338
	0x000003B6 : mult	// , DrawStone, -1 - SAL : 339
	0x000003B8 : ldrz		24 ( UnitStone )	// , DrawStone, -1 - SAL : 340
	0x000003BC : add	// , DrawStone, -1 - SAL : 341
	0x000003BE : pushc		4	// , DrawStone, -1 - SAL : 342
	0x000003C2 : add	// , DrawStone, -1 - SAL : 343
	0x000003C4 : ixa	// , DrawStone, -1 - SAL : 344
	0x000003C6 : pushc		16	// , DrawStone, -1 - SAL : 345
	0x000003CA : mult	// , DrawStone, -1 - SAL : 346
	0x000003CC : add	// , DrawStone, -1 - SAL : 347
	0x000003CE : pushz		42 ( StageY of Function DrawStone )	// , DrawStone, -1 - SAL : 348
	0x000003D2 : pushz		40 ( Index of Function DrawStone )	// , DrawStone, -1 - SAL : 349
	0x000003D6 : pushc		6	// , DrawStone, -1 - SAL : 350
	0x000003DA : mult	// , DrawStone, -1 - SAL : 351
	0x000003DC : ldrz		24 ( UnitStone )	// , DrawStone, -1 - SAL : 352
	0x000003E0 : add	// , DrawStone, -1 - SAL : 353
	0x000003E2 : pushc		5	// , DrawStone, -1 - SAL : 354
	0x000003E6 : add	// , DrawStone, -1 - SAL : 355
	0x000003E8 : ixa	// , DrawStone, -1 - SAL : 356
	0x000003EA : pushc		16	// , DrawStone, -1 - SAL : 357
	0x000003EE : mult	// , DrawStone, -1 - SAL : 358
	0x000003F0 : add	// , DrawStone, -1 - SAL : 359
	0x000003F2 : pushz		40 ( Index of Function DrawStone )	// , DrawStone, -1 - SAL : 360
	0x000003F6 : call		0x000004D4	// , DrawStone, -1 - SAL : 361
	0x000003FC : ldrz		21 ( StoneOut )	// , DrawStone, -1 - SAL : 362
	0x00000400 : add	// , DrawStone, -1 - SAL : 363
	0x00000402 : ixa	// , DrawStone, -1 - SAL : 364
	0x00000404 : CopyImage	// , DrawStone, -1 - SAL : 365
	0x00000406 : ret	// , DrawStone, -1 - SAL : 366
}


FUNCTION : EVENT_KEYPRESS()
{
	0x00000408 : nop	// , EVENT_KEYPRESS, -1 - SAL : 813
	0x0000040A : ssp	// , EVENT_KEYPRESS, -1 - SAL : 814
	0x0000040C : pushz		0 ( swData )	// , EVENT_KEYPRESS, -1 - SAL : 815
	0x00000410 : dup	// , EVENT_KEYPRESS, -1 - SAL : 816
	0x00000412 : eqjp		18		0x00000440	// , EVENT_KEYPRESS, -1 - SAL : 817
	0x0000041A : dup	// , EVENT_KEYPRESS, -1 - SAL : 818
	0x0000041C : eqjp		19		0x00000452	// , EVENT_KEYPRESS, -1 - SAL : 819
	0x00000424 : dup	// , EVENT_KEYPRESS, -1 - SAL : 820
	0x00000426 : eqjp		16		0x00000464	// , EVENT_KEYPRESS, -1 - SAL : 821
	0x0000042E : dup	// , EVENT_KEYPRESS, -1 - SAL : 822
	0x00000430 : eqjp		17		0x00000476	// , EVENT_KEYPRESS, -1 - SAL : 823
	0x00000438 : rsp	// , EVENT_KEYPRESS, -1 - SAL : 824
	0x0000043A : ujp		0x00000482	// , EVENT_KEYPRESS, -1 - SAL : 825
	0x00000440 : rsp	// , EVENT_KEYPRESS, -1 - SAL : 826
	0x00000442 : pushc		0	// , EVENT_KEYPRESS, -1 - SAL : 827
	0x00000446 : call		0x00000566	// , EVENT_KEYPRESS, -1 - SAL : 828
	0x0000044C : ujp		0x00000482	// , EVENT_KEYPRESS, -1 - SAL : 829
	0x00000452 : rsp	// , EVENT_KEYPRESS, -1 - SAL : 830
	0x00000454 : pushc		1	// , EVENT_KEYPRESS, -1 - SAL : 831
	0x00000458 : call		0x00000566	// , EVENT_KEYPRESS, -1 - SAL : 832
	0x0000045E : ujp		0x00000482	// , EVENT_KEYPRESS, -1 - SAL : 833
	0x00000464 : rsp	// , EVENT_KEYPRESS, -1 - SAL : 834
	0x00000466 : pushc		2	// , EVENT_KEYPRESS, -1 - SAL : 835
	0x0000046A : call		0x00000566	// , EVENT_KEYPRESS, -1 - SAL : 836
	0x00000470 : ujp		0x00000482	// , EVENT_KEYPRESS, -1 - SAL : 837
	0x00000476 : rsp	// , EVENT_KEYPRESS, -1 - SAL : 838
	0x00000478 : pushc		3	// , EVENT_KEYPRESS, -1 - SAL : 839
	0x0000047C : call		0x00000566	// , EVENT_KEYPRESS, -1 - SAL : 840
	0x00000482 : end	// , EVENT_KEYPRESS, -1 - SAL : 841
}


FUNCTION : EVENT_TIMEOUT()
{
	0x00000484 : nop	// , EVENT_TIMEOUT, -1 - SAL : 791
	0x00000486 : calls		ClearBlack(59)	// , EVENT_TIMEOUT, -1 - SAL : 792
	0x0000048A : pushc		0	// , EVENT_TIMEOUT, -1 - SAL : 793
	0x0000048E : pushc		0	// , EVENT_TIMEOUT, -1 - SAL : 794
	0x00000492 : pushc		10	// , EVENT_TIMEOUT, -1 - SAL : 795
	0x00000496 : pushc		10	// , EVENT_TIMEOUT, -1 - SAL : 796
	0x0000049A : pushz		30 ( ScrollX )	// , EVENT_TIMEOUT, -1 - SAL : 797
	0x0000049E : pushc		32	// , EVENT_TIMEOUT, -1 - SAL : 798
	0x000004A2 : add	// , EVENT_TIMEOUT, -1 - SAL : 799
	0x000004A4 : pushz		31 ( ScrollY )	// , EVENT_TIMEOUT, -1 - SAL : 800
	0x000004A8 : pushc		32	// , EVENT_TIMEOUT, -1 - SAL : 801
	0x000004AC : add	// , EVENT_TIMEOUT, -1 - SAL : 802
	0x000004AE : call		0x00000082	// , EVENT_TIMEOUT, -1 - SAL : 803
	0x000004B4 : pushz		30 ( ScrollX )	// , EVENT_TIMEOUT, -1 - SAL : 804
	0x000004B8 : pushc		32	// , EVENT_TIMEOUT, -1 - SAL : 805
	0x000004BC : add	// , EVENT_TIMEOUT, -1 - SAL : 806
	0x000004BE : pushz		31 ( ScrollY )	// , EVENT_TIMEOUT, -1 - SAL : 807
	0x000004C2 : pushc		32	// , EVENT_TIMEOUT, -1 - SAL : 808
	0x000004C6 : add	// , EVENT_TIMEOUT, -1 - SAL : 809
	0x000004C8 : call		0x000001DC	// , EVENT_TIMEOUT, -1 - SAL : 810
	0x000004CE : calls		Flush(95)	// , EVENT_TIMEOUT, -1 - SAL : 811
	0x000004D2 : end	// , EVENT_TIMEOUT, -1 - SAL : 812
}


FUNCTION : GetStoneImageIndex()
{
	0x000004D4 : nop	// , GetStoneImageIndex, -1 - SAL : 196
	0x000004D6 : stnz		39 ( Index of Function GetStoneImageIndex )	// , GetStoneImageIndex, -1 - SAL : 197
	0x000004DA : pushc		6	// , GetStoneImageIndex, -1 - SAL : 198
	0x000004DE : mult	// , GetStoneImageIndex, -1 - SAL : 199
	0x000004E0 : ldrz		24 ( UnitStone )	// , GetStoneImageIndex, -1 - SAL : 200
	0x000004E4 : add	// , GetStoneImageIndex, -1 - SAL : 201
	0x000004E6 : ixa	// , GetStoneImageIndex, -1 - SAL : 202
	0x000004E8 : pushz		39 ( Index of Function GetStoneImageIndex )	// , GetStoneImageIndex, -1 - SAL : 203
	0x000004EC : pushc		6	// , GetStoneImageIndex, -1 - SAL : 204
	0x000004F0 : mult	// , GetStoneImageIndex, -1 - SAL : 205
	0x000004F2 : ldrz		24 ( UnitStone )	// , GetStoneImageIndex, -1 - SAL : 206
	0x000004F6 : add	// , GetStoneImageIndex, -1 - SAL : 207
	0x000004F8 : inc	// , GetStoneImageIndex, -1 - SAL : 208
	0x000004FA : ixa	// , GetStoneImageIndex, -1 - SAL : 209
	0x000004FC : pushc		5	// , GetStoneImageIndex, -1 - SAL : 210
	0x00000500 : mult	// , GetStoneImageIndex, -1 - SAL : 211
	0x00000502 : add	// , GetStoneImageIndex, -1 - SAL : 212
	0x00000504 : ret	// , GetStoneImageIndex, -1 - SAL : 213
}


FUNCTION : IsMoveAbleCell()
{
	0x00000506 : nop	// , IsMoveAbleCell, -1 - SAL : 584
	0x00000508 : popz		57 ( In_Y of Function IsMoveAbleCell )	// , IsMoveAbleCell, -1 - SAL : 585
	0x0000050C : stnz		56 ( In_X of Function IsMoveAbleCell )	// , IsMoveAbleCell, -1 - SAL : 586
	0x00000510 : pushz		57 ( In_Y of Function IsMoveAbleCell )	// , IsMoveAbleCell, -1 - SAL : 587
	0x00000514 : pushc		11	// , IsMoveAbleCell, -1 - SAL : 588
	0x00000518 : mult	// , IsMoveAbleCell, -1 - SAL : 589
	0x0000051A : add	// , IsMoveAbleCell, -1 - SAL : 590
	0x0000051C : ldrz		26 ( Map )	// , IsMoveAbleCell, -1 - SAL : 591
	0x00000520 : add	// , IsMoveAbleCell, -1 - SAL : 592
	0x00000522 : ixa	// , IsMoveAbleCell, -1 - SAL : 593
	0x00000524 : pushc		0	// , IsMoveAbleCell, -1 - SAL : 594
	0x00000528 : gt	// , IsMoveAbleCell, -1 - SAL : 595
	0x0000052A : dup	// , IsMoveAbleCell, -1 - SAL : 596
	0x0000052C : fjp		0x00000554	// , IsMoveAbleCell, -1 - SAL : 597
	0x00000532 : popz		17 ( swReserved3 )	// , IsMoveAbleCell, -1 - SAL : 598
	0x00000536 : pushz		56 ( In_X of Function IsMoveAbleCell )	// , IsMoveAbleCell, -1 - SAL : 599
	0x0000053A : pushz		57 ( In_Y of Function IsMoveAbleCell )	// , IsMoveAbleCell, -1 - SAL : 600
	0x0000053E : pushc		10	// , IsMoveAbleCell, -1 - SAL : 601
	0x00000542 : mult	// , IsMoveAbleCell, -1 - SAL : 602
	0x00000544 : add	// , IsMoveAbleCell, -1 - SAL : 603
	0x00000546 : ldrz		27 ( Place )	// , IsMoveAbleCell, -1 - SAL : 604
	0x0000054A : add	// , IsMoveAbleCell, -1 - SAL : 605
	0x0000054C : ixa	// , IsMoveAbleCell, -1 - SAL : 606
	0x0000054E : pushc		-1	// , IsMoveAbleCell, -1 - SAL : 607
	0x00000552 : eq	// , IsMoveAbleCell, -1 - SAL : 608
	0x00000554 : fjp		0x00000560	// , IsMoveAbleCell, -1 - SAL : 609
	0x0000055A : pushc		1	// , IsMoveAbleCell, -1 - SAL : 610
	0x0000055E : ret	// , IsMoveAbleCell, -1 - SAL : 611
	0x00000560 : pushc		0	// , IsMoveAbleCell, -1 - SAL : 612
	0x00000564 : ret	// , IsMoveAbleCell, -1 - SAL : 613
}


FUNCTION : MovePlayer()
{
	0x00000566 : nop	// , MovePlayer, -1 - SAL : 496
	0x00000568 : popz		53 ( Direction of Function MovePlayer )	// , MovePlayer, -1 - SAL : 497
	0x0000056C : ssp	// , MovePlayer, -1 - SAL : 498
	0x0000056E : pushz		53 ( Direction of Function MovePlayer )	// , MovePlayer, -1 - SAL : 499
	0x00000572 : dup	// , MovePlayer, -1 - SAL : 500
	0x00000574 : eqjp		0		0x000005A2	// , MovePlayer, -1 - SAL : 501
	0x0000057C : dup	// , MovePlayer, -1 - SAL : 502
	0x0000057E : eqjp		1		0x000005DC	// , MovePlayer, -1 - SAL : 503
	0x00000586 : dup	// , MovePlayer, -1 - SAL : 504
	0x00000588 : eqjp		2		0x00000616	// , MovePlayer, -1 - SAL : 505
	0x00000590 : dup	// , MovePlayer, -1 - SAL : 506
	0x00000592 : eqjp		3		0x0000064C	// , MovePlayer, -1 - SAL : 507
	0x0000059A : rsp	// , MovePlayer, -1 - SAL : 508
	0x0000059C : ujp		0x0000067C	// , MovePlayer, -1 - SAL : 509
	0x000005A2 : rsp	// , MovePlayer, -1 - SAL : 510
	0x000005A4 : ldrz		28 ( UnitPlayer )	// , MovePlayer, -1 - SAL : 511
	0x000005A8 : ixa	// , MovePlayer, -1 - SAL : 512
	0x000005AA : ldrz		28 ( UnitPlayer )	// , MovePlayer, -1 - SAL : 513
	0x000005AE : inc	// , MovePlayer, -1 - SAL : 514
	0x000005B0 : ixa	// , MovePlayer, -1 - SAL : 515
	0x000005B2 : dec	// , MovePlayer, -1 - SAL : 516
	0x000005B4 : call		0x00000506	// , MovePlayer, -1 - SAL : 517
	0x000005BA : nejp		1		0x0000067C	// , MovePlayer, -1 - SAL : 518
	0x000005C2 : ldrz		28 ( UnitPlayer )	// , MovePlayer, -1 - SAL : 519
	0x000005C6 : inc	// , MovePlayer, -1 - SAL : 520
	0x000005C8 : ixa	// , MovePlayer, -1 - SAL : 521
	0x000005CA : dec	// , MovePlayer, -1 - SAL : 522
	0x000005CC : ldrz		28 ( UnitPlayer )	// , MovePlayer, -1 - SAL : 523
	0x000005D0 : inc	// , MovePlayer, -1 - SAL : 524
	0x000005D2 : swp	// , MovePlayer, -1 - SAL : 525
	0x000005D4 : sta	// , MovePlayer, -1 - SAL : 526
	0x000005D6 : ujp		0x0000067C	// , MovePlayer, -1 - SAL : 527
	0x000005DC : rsp	// , MovePlayer, -1 - SAL : 528
	0x000005DE : ldrz		28 ( UnitPlayer )	// , MovePlayer, -1 - SAL : 529
	0x000005E2 : ixa	// , MovePlayer, -1 - SAL : 530
	0x000005E4 : ldrz		28 ( UnitPlayer )	// , MovePlayer, -1 - SAL : 531
	0x000005E8 : inc	// , MovePlayer, -1 - SAL : 532
	0x000005EA : ixa	// , MovePlayer, -1 - SAL : 533
	0x000005EC : inc	// , MovePlayer, -1 - SAL : 534
	0x000005EE : call		0x00000506	// , MovePlayer, -1 - SAL : 535
	0x000005F4 : nejp		1		0x0000067C	// , MovePlayer, -1 - SAL : 536
	0x000005FC : ldrz		28 ( UnitPlayer )	// , MovePlayer, -1 - SAL : 537
	0x00000600 : inc	// , MovePlayer, -1 - SAL : 538
	0x00000602 : ixa	// , MovePlayer, -1 - SAL : 539
	0x00000604 : inc	// , MovePlayer, -1 - SAL : 540
	0x00000606 : ldrz		28 ( UnitPlayer )	// , MovePlayer, -1 - SAL : 541
	0x0000060A : inc	// , MovePlayer, -1 - SAL : 542
	0x0000060C : swp	// , MovePlayer, -1 - SAL : 543
	0x0000060E : sta	// , MovePlayer, -1 - SAL : 544
	0x00000610 : ujp		0x0000067C	// , MovePlayer, -1 - SAL : 545
	0x00000616 : rsp	// , MovePlayer, -1 - SAL : 546
	0x00000618 : ldrz		28 ( UnitPlayer )	// , MovePlayer, -1 - SAL : 547
	0x0000061C : ixa	// , MovePlayer, -1 - SAL : 548
	0x0000061E : dec	// , MovePlayer, -1 - SAL : 549
	0x00000620 : ldrz		28 ( UnitPlayer )	// , MovePlayer, -1 - SAL : 550
	0x00000624 : inc	// , MovePlayer, -1 - SAL : 551
	0x00000626 : ixa	// , MovePlayer, -1 - SAL : 552
	0x00000628 : call		0x00000506	// , MovePlayer, -1 - SAL : 553
	0x0000062E : nejp		1		0x0000067C	// , MovePlayer, -1 - SAL : 554
	0x00000636 : ldrz		28 ( UnitPlayer )	// , MovePlayer, -1 - SAL : 555
	0x0000063A : ixa	// , MovePlayer, -1 - SAL : 556
	0x0000063C : dec	// , MovePlayer, -1 - SAL : 557
	0x0000063E : ldrz		28 ( UnitPlayer )	// , MovePlayer, -1 - SAL : 558
	0x00000642 : swp	// , MovePlayer, -1 - SAL : 559
	0x00000644 : sta	// , MovePlayer, -1 - SAL : 560
	0x00000646 : ujp		0x0000067C	// , MovePlayer, -1 - SAL : 561
	0x0000064C : rsp	// , MovePlayer, -1 - SAL : 562
	0x0000064E : ldrz		28 ( UnitPlayer )	// , MovePlayer, -1 - SAL : 563
	0x00000652 : ixa	// , MovePlayer, -1 - SAL : 564
	0x00000654 : inc	// , MovePlayer, -1 - SAL : 565
	0x00000656 : ldrz		28 ( UnitPlayer )	// , MovePlayer, -1 - SAL : 566
	0x0000065A : inc	// , MovePlayer, -1 - SAL : 567
	0x0000065C : ixa	// , MovePlayer, -1 - SAL : 568
	0x0000065E : call		0x00000506	// , MovePlayer, -1 - SAL : 569
	0x00000664 : nejp		1		0x0000067C	// , MovePlayer, -1 - SAL : 570
	0x0000066C : ldrz		28 ( UnitPlayer )	// , MovePlayer, -1 - SAL : 571
	0x00000670 : ixa	// , MovePlayer, -1 - SAL : 572
	0x00000672 : inc	// , MovePlayer, -1 - SAL : 573
	0x00000674 : ldrz		28 ( UnitPlayer )	// , MovePlayer, -1 - SAL : 574
	0x00000678 : swp	// , MovePlayer, -1 - SAL : 575
	0x0000067A : sta	// , MovePlayer, -1 - SAL : 576
	0x0000067C : ret	// , MovePlayer, -1 - SAL : 577
}


FUNCTION : MoveStone()
{
	0x0000067E : nop	// , MoveStone, -1 - SAL : 614
	0x00000680 : popz		59 ( Direction of Function MoveStone )	// , MoveStone, -1 - SAL : 615
	0x00000684 : popz		58 ( Index of Function MoveStone )	// , MoveStone, -1 - SAL : 616
	0x00000688 : ssp	// , MoveStone, -1 - SAL : 617
	0x0000068A : pushz		59 ( Direction of Function MoveStone )	// , MoveStone, -1 - SAL : 618
	0x0000068E : dup	// , MoveStone, -1 - SAL : 619
	0x00000690 : eqjp		0		0x000006BE	// , MoveStone, -1 - SAL : 620
	0x00000698 : dup	// , MoveStone, -1 - SAL : 621
	0x0000069A : eqjp		1		0x0000073A	// , MoveStone, -1 - SAL : 622
	0x000006A2 : dup	// , MoveStone, -1 - SAL : 623
	0x000006A4 : eqjp		2		0x000007B6	// , MoveStone, -1 - SAL : 624
	0x000006AC : dup	// , MoveStone, -1 - SAL : 625
	0x000006AE : eqjp		3		0x00000832	// , MoveStone, -1 - SAL : 626
	0x000006B6 : rsp	// , MoveStone, -1 - SAL : 627
	0x000006B8 : ujp		0x000008A8	// , MoveStone, -1 - SAL : 628
	0x000006BE : rsp	// , MoveStone, -1 - SAL : 629
	0x000006C0 : pushz		58 ( Index of Function MoveStone )	// , MoveStone, -1 - SAL : 630
	0x000006C4 : pushc		6	// , MoveStone, -1 - SAL : 631
	0x000006C8 : mult	// , MoveStone, -1 - SAL : 632
	0x000006CA : ldrz		24 ( UnitStone )	// , MoveStone, -1 - SAL : 633
	0x000006CE : add	// , MoveStone, -1 - SAL : 634
	0x000006D0 : pushc		4	// , MoveStone, -1 - SAL : 635
	0x000006D4 : add	// , MoveStone, -1 - SAL : 636
	0x000006D6 : ixa	// , MoveStone, -1 - SAL : 637
	0x000006D8 : pushz		58 ( Index of Function MoveStone )	// , MoveStone, -1 - SAL : 638
	0x000006DC : pushc		6	// , MoveStone, -1 - SAL : 639
	0x000006E0 : mult	// , MoveStone, -1 - SAL : 640
	0x000006E2 : ldrz		24 ( UnitStone )	// , MoveStone, -1 - SAL : 641
	0x000006E6 : add	// , MoveStone, -1 - SAL : 642
	0x000006E8 : pushc		5	// , MoveStone, -1 - SAL : 643
	0x000006EC : add	// , MoveStone, -1 - SAL : 644
	0x000006EE : ixa	// , MoveStone, -1 - SAL : 645
	0x000006F0 : dec	// , MoveStone, -1 - SAL : 646
	0x000006F2 : call		0x00000506	// , MoveStone, -1 - SAL : 647
	0x000006F8 : nejp		1		0x000008A8	// , MoveStone, -1 - SAL : 648
	0x00000700 : pushz		58 ( Index of Function MoveStone )	// , MoveStone, -1 - SAL : 649
	0x00000704 : pushc		6	// , MoveStone, -1 - SAL : 650
	0x00000708 : mult	// , MoveStone, -1 - SAL : 651
	0x0000070A : ldrz		24 ( UnitStone )	// , MoveStone, -1 - SAL : 652
	0x0000070E : add	// , MoveStone, -1 - SAL : 653
	0x00000710 : pushc		5	// , MoveStone, -1 - SAL : 654
	0x00000714 : add	// , MoveStone, -1 - SAL : 655
	0x00000716 : ixa	// , MoveStone, -1 - SAL : 656
	0x00000718 : dec	// , MoveStone, -1 - SAL : 657
	0x0000071A : pushz		58 ( Index of Function MoveStone )	// , MoveStone, -1 - SAL : 658
	0x0000071E : pushc		6	// , MoveStone, -1 - SAL : 659
	0x00000722 : mult	// , MoveStone, -1 - SAL : 660
	0x00000724 : ldrz		24 ( UnitStone )	// , MoveStone, -1 - SAL : 661
	0x00000728 : add	// , MoveStone, -1 - SAL : 662
	0x0000072A : pushc		5	// , MoveStone, -1 - SAL : 663
	0x0000072E : add	// , MoveStone, -1 - SAL : 664
	0x00000730 : swp	// , MoveStone, -1 - SAL : 665
	0x00000732 : sta	// , MoveStone, -1 - SAL : 666
	0x00000734 : ujp		0x000008A8	// , MoveStone, -1 - SAL : 667
	0x0000073A : rsp	// , MoveStone, -1 - SAL : 668
	0x0000073C : pushz		58 ( Index of Function MoveStone )	// , MoveStone, -1 - SAL : 669
	0x00000740 : pushc		6	// , MoveStone, -1 - SAL : 670
	0x00000744 : mult	// , MoveStone, -1 - SAL : 671
	0x00000746 : ldrz		24 ( UnitStone )	// , MoveStone, -1 - SAL : 672
	0x0000074A : add	// , MoveStone, -1 - SAL : 673
	0x0000074C : pushc		4	// , MoveStone, -1 - SAL : 674
	0x00000750 : add	// , MoveStone, -1 - SAL : 675
	0x00000752 : ixa	// , MoveStone, -1 - SAL : 676
	0x00000754 : pushz		58 ( Index of Function MoveStone )	// , MoveStone, -1 - SAL : 677
	0x00000758 : pushc		6	// , MoveStone, -1 - SAL : 678
	0x0000075C : mult	// , MoveStone, -1 - SAL : 679
	0x0000075E : ldrz		24 ( UnitStone )	// , MoveStone, -1 - SAL : 680
	0x00000762 : add	// , MoveStone, -1 - SAL : 681
	0x00000764 : pushc		5	// , MoveStone, -1 - SAL : 682
	0x00000768 : add	// , MoveStone, -1 - SAL : 683
	0x0000076A : ixa	// , MoveStone, -1 - SAL : 684
	0x0000076C : inc	// , MoveStone, -1 - SAL : 685
	0x0000076E : call		0x00000506	// , MoveStone, -1 - SAL : 686
	0x00000774 : nejp		1		0x000008A8	// , MoveStone, -1 - SAL : 687
	0x0000077C : pushz		58 ( Index of Function MoveStone )	// , MoveStone, -1 - SAL : 688
	0x00000780 : pushc		6	// , MoveStone, -1 - SAL : 689
	0x00000784 : mult	// , MoveStone, -1 - SAL : 690
	0x00000786 : ldrz		24 ( UnitStone )	// , MoveStone, -1 - SAL : 691
	0x0000078A : add	// , MoveStone, -1 - SAL : 692
	0x0000078C : pushc		5	// , MoveStone, -1 - SAL : 693
	0x00000790 : add	// , MoveStone, -1 - SAL : 694
	0x00000792 : ixa	// , MoveStone, -1 - SAL : 695
	0x00000794 : inc	// , MoveStone, -1 - SAL : 696
	0x00000796 : pushz		58 ( Index of Function MoveStone )	// , MoveStone, -1 - SAL : 697
	0x0000079A : pushc		6	// , MoveStone, -1 - SAL : 698
	0x0000079E : mult	// , MoveStone, -1 - SAL : 699
	0x000007A0 : ldrz		24 ( UnitStone )	// , MoveStone, -1 - SAL : 700
	0x000007A4 : add	// , MoveStone, -1 - SAL : 701
	0x000007A6 : pushc		5	// , MoveStone, -1 - SAL : 702
	0x000007AA : add	// , MoveStone, -1 - SAL : 703
	0x000007AC : swp	// , MoveStone, -1 - SAL : 704
	0x000007AE : sta	// , MoveStone, -1 - SAL : 705
	0x000007B0 : ujp		0x000008A8	// , MoveStone, -1 - SAL : 706
	0x000007B6 : rsp	// , MoveStone, -1 - SAL : 707
	0x000007B8 : pushz		58 ( Index of Function MoveStone )	// , MoveStone, -1 - SAL : 708
	0x000007BC : pushc		6	// , MoveStone, -1 - SAL : 709
	0x000007C0 : mult	// , MoveStone, -1 - SAL : 710
	0x000007C2 : ldrz		24 ( UnitStone )	// , MoveStone, -1 - SAL : 711
	0x000007C6 : add	// , MoveStone, -1 - SAL : 712
	0x000007C8 : pushc		4	// , MoveStone, -1 - SAL : 713
	0x000007CC : add	// , MoveStone, -1 - SAL : 714
	0x000007CE : ixa	// , MoveStone, -1 - SAL : 715
	0x000007D0 : dec	// , MoveStone, -1 - SAL : 716
	0x000007D2 : pushz		58 ( Index of Function MoveStone )	// , MoveStone, -1 - SAL : 717
	0x000007D6 : pushc		6	// , MoveStone, -1 - SAL : 718
	0x000007DA : mult	// , MoveStone, -1 - SAL : 719
	0x000007DC : ldrz		24 ( UnitStone )	// , MoveStone, -1 - SAL : 720
	0x000007E0 : add	// , MoveStone, -1 - SAL : 721
	0x000007E2 : pushc		5	// , MoveStone, -1 - SAL : 722
	0x000007E6 : add	// , MoveStone, -1 - SAL : 723
	0x000007E8 : ixa	// , MoveStone, -1 - SAL : 724
	0x000007EA : call		0x00000506	// , MoveStone, -1 - SAL : 725
	0x000007F0 : nejp		1		0x000008A8	// , MoveStone, -1 - SAL : 726
	0x000007F8 : pushz		58 ( Index of Function MoveStone )	// , MoveStone, -1 - SAL : 727
	0x000007FC : pushc		6	// , MoveStone, -1 - SAL : 728
	0x00000800 : mult	// , MoveStone, -1 - SAL : 729
	0x00000802 : ldrz		24 ( UnitStone )	// , MoveStone, -1 - SAL : 730
	0x00000806 : add	// , MoveStone, -1 - SAL : 731
	0x00000808 : pushc		4	// , MoveStone, -1 - SAL : 732
	0x0000080C : add	// , MoveStone, -1 - SAL : 733
	0x0000080E : ixa	// , MoveStone, -1 - SAL : 734
	0x00000810 : dec	// , MoveStone, -1 - SAL : 735
	0x00000812 : pushz		58 ( Index of Function MoveStone )	// , MoveStone, -1 - SAL : 736
	0x00000816 : pushc		6	// , MoveStone, -1 - SAL : 737
	0x0000081A : mult	// , MoveStone, -1 - SAL : 738
	0x0000081C : ldrz		24 ( UnitStone )	// , MoveStone, -1 - SAL : 739
	0x00000820 : add	// , MoveStone, -1 - SAL : 740
	0x00000822 : pushc		4	// , MoveStone, -1 - SAL : 741
	0x00000826 : add	// , MoveStone, -1 - SAL : 742
	0x00000828 : swp	// , MoveStone, -1 - SAL : 743
	0x0000082A : sta	// , MoveStone, -1 - SAL : 744
	0x0000082C : ujp		0x000008A8	// , MoveStone, -1 - SAL : 745
	0x00000832 : rsp	// , MoveStone, -1 - SAL : 746
	0x00000834 : pushz		58 ( Index of Function MoveStone )	// , MoveStone, -1 - SAL : 747
	0x00000838 : pushc		6	// , MoveStone, -1 - SAL : 748
	0x0000083C : mult	// , MoveStone, -1 - SAL : 749
	0x0000083E : ldrz		24 ( UnitStone )	// , MoveStone, -1 - SAL : 750
	0x00000842 : add	// , MoveStone, -1 - SAL : 751
	0x00000844 : pushc		4	// , MoveStone, -1 - SAL : 752
	0x00000848 : add	// , MoveStone, -1 - SAL : 753
	0x0000084A : ixa	// , MoveStone, -1 - SAL : 754
	0x0000084C : inc	// , MoveStone, -1 - SAL : 755
	0x0000084E : pushz		58 ( Index of Function MoveStone )	// , MoveStone, -1 - SAL : 756
	0x00000852 : pushc		6	// , MoveStone, -1 - SAL : 757
	0x00000856 : mult	// , MoveStone, -1 - SAL : 758
	0x00000858 : ldrz		24 ( UnitStone )	// , MoveStone, -1 - SAL : 759
	0x0000085C : add	// , MoveStone, -1 - SAL : 760
	0x0000085E : pushc		5	// , MoveStone, -1 - SAL : 761
	0x00000862 : add	// , MoveStone, -1 - SAL : 762
	0x00000864 : ixa	// , MoveStone, -1 - SAL : 763
	0x00000866 : call		0x00000506	// , MoveStone, -1 - SAL : 764
	0x0000086C : nejp		1		0x000008A8	// , MoveStone, -1 - SAL : 765
	0x00000874 : pushz		58 ( Index of Function MoveStone )	// , MoveStone, -1 - SAL : 766
	0x00000878 : pushc		6	// , MoveStone, -1 - SAL : 767
	0x0000087C : mult	// , MoveStone, -1 - SAL : 768
	0x0000087E : ldrz		24 ( UnitStone )	// , MoveStone, -1 - SAL : 769
	0x00000882 : add	// , MoveStone, -1 - SAL : 770
	0x00000884 : pushc		4	// , MoveStone, -1 - SAL : 771
	0x00000888 : add	// , MoveStone, -1 - SAL : 772
	0x0000088A : ixa	// , MoveStone, -1 - SAL : 773
	0x0000088C : inc	// , MoveStone, -1 - SAL : 774
	0x0000088E : pushz		58 ( Index of Function MoveStone )	// , MoveStone, -1 - SAL : 775
	0x00000892 : pushc		6	// , MoveStone, -1 - SAL : 776
	0x00000896 : mult	// , MoveStone, -1 - SAL : 777
	0x00000898 : ldrz		24 ( UnitStone )	// , MoveStone, -1 - SAL : 778
	0x0000089C : add	// , MoveStone, -1 - SAL : 779
	0x0000089E : pushc		4	// , MoveStone, -1 - SAL : 780
	0x000008A2 : add	// , MoveStone, -1 - SAL : 781
	0x000008A4 : swp	// , MoveStone, -1 - SAL : 782
	0x000008A6 : sta	// , MoveStone, -1 - SAL : 783
	0x000008A8 : ret	// , MoveStone, -1 - SAL : 784
}


FUNCTION : SetStage()
{
	0x000008AA : nop	// , SetStage, -1 - SAL : 578
	0x000008AC : popz		54 ( Index of Function SetStage )	// , SetStage, -1 - SAL : 579
	0x000008B0 : ret	// , SetStage, -1 - SAL : 580
}


FUNCTION : SetStone()
{
	0x000008B2 : nop	// , SetStone, -1 - SAL : 137
	0x000008B4 : popz		38 ( In_Y of Function SetStone )	// , SetStone, -1 - SAL : 138
	0x000008B8 : popz		37 ( In_X of Function SetStone )	// , SetStone, -1 - SAL : 139
	0x000008BC : popz		36 ( In_State of Function SetStone )	// , SetStone, -1 - SAL : 140
	0x000008C0 : popz		35 ( In_Power of Function SetStone )	// , SetStone, -1 - SAL : 141
	0x000008C4 : popz		34 ( In_Metrial of Function SetStone )	// , SetStone, -1 - SAL : 142
	0x000008C8 : popz		33 ( In_Shape of Function SetStone )	// , SetStone, -1 - SAL : 143
	0x000008CC : stnz		32 ( Index of Function SetStone )	// , SetStone, -1 - SAL : 144
	0x000008D0 : pushc		6	// , SetStone, -1 - SAL : 145
	0x000008D4 : mult	// , SetStone, -1 - SAL : 146
	0x000008D6 : ldrz		24 ( UnitStone )	// , SetStone, -1 - SAL : 147
	0x000008DA : add	// , SetStone, -1 - SAL : 148
	0x000008DC : pushz		33 ( In_Shape of Function SetStone )	// , SetStone, -1 - SAL : 149
	0x000008E0 : sta	// , SetStone, -1 - SAL : 150
	0x000008E2 : pushz		32 ( Index of Function SetStone )	// , SetStone, -1 - SAL : 151
	0x000008E6 : pushc		6	// , SetStone, -1 - SAL : 152
	0x000008EA : mult	// , SetStone, -1 - SAL : 153
	0x000008EC : ldrz		24 ( UnitStone )	// , SetStone, -1 - SAL : 154
	0x000008F0 : add	// , SetStone, -1 - SAL : 155
	0x000008F2 : inc	// , SetStone, -1 - SAL : 156
	0x000008F4 : pushz		34 ( In_Metrial of Function SetStone )	// , SetStone, -1 - SAL : 157
	0x000008F8 : sta	// , SetStone, -1 - SAL : 158
	0x000008FA : pushz		32 ( Index of Function SetStone )	// , SetStone, -1 - SAL : 159
	0x000008FE : pushc		6	// , SetStone, -1 - SAL : 160
	0x00000902 : mult	// , SetStone, -1 - SAL : 161
	0x00000904 : ldrz		24 ( UnitStone )	// , SetStone, -1 - SAL : 162
	0x00000908 : add	// , SetStone, -1 - SAL : 163
	0x0000090A : pushc		2	// , SetStone, -1 - SAL : 164
	0x0000090E : add	// , SetStone, -1 - SAL : 165
	0x00000910 : pushz		35 ( In_Power of Function SetStone )	// , SetStone, -1 - SAL : 166
	0x00000914 : sta	// , SetStone, -1 - SAL : 167
	0x00000916 : pushz		32 ( Index of Function SetStone )	// , SetStone, -1 - SAL : 168
	0x0000091A : pushc		6	// , SetStone, -1 - SAL : 169
	0x0000091E : mult	// , SetStone, -1 - SAL : 170
	0x00000920 : ldrz		24 ( UnitStone )	// , SetStone, -1 - SAL : 171
	0x00000924 : add	// , SetStone, -1 - SAL : 172
	0x00000926 : pushc		3	// , SetStone, -1 - SAL : 173
	0x0000092A : add	// , SetStone, -1 - SAL : 174
	0x0000092C : pushz		36 ( In_State of Function SetStone )	// , SetStone, -1 - SAL : 175
	0x00000930 : sta	// , SetStone, -1 - SAL : 176
	0x00000932 : pushz		32 ( Index of Function SetStone )	// , SetStone, -1 - SAL : 177
	0x00000936 : pushc		6	// , SetStone, -1 - SAL : 178
	0x0000093A : mult	// , SetStone, -1 - SAL : 179
	0x0000093C : ldrz		24 ( UnitStone )	// , SetStone, -1 - SAL : 180
	0x00000940 : add	// , SetStone, -1 - SAL : 181
	0x00000942 : pushc		4	// , SetStone, -1 - SAL : 182
	0x00000946 : add	// , SetStone, -1 - SAL : 183
	0x00000948 : pushz		37 ( In_X of Function SetStone )	// , SetStone, -1 - SAL : 184
	0x0000094C : sta	// , SetStone, -1 - SAL : 185
	0x0000094E : pushz		32 ( Index of Function SetStone )	// , SetStone, -1 - SAL : 186
	0x00000952 : pushc		6	// , SetStone, -1 - SAL : 187
	0x00000956 : mult	// , SetStone, -1 - SAL : 188
	0x00000958 : ldrz		24 ( UnitStone )	// , SetStone, -1 - SAL : 189
	0x0000095C : add	// , SetStone, -1 - SAL : 190
	0x0000095E : pushc		5	// , SetStone, -1 - SAL : 191
	0x00000962 : add	// , SetStone, -1 - SAL : 192
	0x00000964 : pushz		38 ( In_Y of Function SetStone )	// , SetStone, -1 - SAL : 193
	0x00000968 : sta	// , SetStone, -1 - SAL : 194
	0x0000096A : ret	// , SetStone, -1 - SAL : 195
}


FUNCTION : main()
{
	0x0000096C : nop	// , main, -1 - SAL : 785
	0x0000096E : call		0x00000080	// , main, -1 - SAL : 786
	0x00000974 : pushc		30	// , main, -1 - SAL : 787
	0x00000978 : pushc		1	// , main, -1 - SAL : 788
	0x0000097C : calls		SetTimer(149)	// , main, -1 - SAL : 789
	0x00000980 : ret	// , main, -1 - SAL : 790
}

====================== SYMBOL TABLE =====================

========================================================
			SYMBOL TABLE

--------------------------------------------------------
	  VALID VAR(STATIC) : 0 - ().swData
	  VALID VAR(STATIC) : 1 - ().swData2
	  VALID VAR(STATIC) : 2 - ().swData3
	  VALID VAR(STATIC) : 3 - ().swData4
	  VALID VAR(STATIC) : 4 - ().swWidth
	  VALID VAR(STATIC) : 5 - ().swHeight
	  VALID VAR(STATIC) : 6 - ().swFrame
	  VALID VAR(STATIC) : 7 - ().swFrame2
	  VALID VAR(STATIC) : 8 - ().swFrame3
	  VALID VAR(STATIC) : 9 - ().swFrame6
	  VALID VAR(STATIC) : 10 - ().swVMver
	  VALID VAR(STATIC) : 11 - ().swModel
	  VALID VAR(STATIC) : 12 - ().swSmsRcvBuf
	  VALID VAR(STATIC) : 13 - ().swRsRcvBuf
	  VALID VAR(STATIC) : 14 - ().swRcvBuf
	  VALID VAR(STATIC) : 15 - ().swReserved1
	  VALID VAR(STATIC) : 16 - ().swReserved2
	  VALID VAR(STATIC) : 17 - ().swReserved3
	  VALID VAR(STATIC) : 18 - ().swReserved4
	  VALID VAR(STATIC) : 19 - ().swSbuf
	  VALID VAR(STATIC) : 20 - ().StoneIn
	  VALID VAR(STATIC) : 21 - ().StoneOut
	  VALID VAR(STATIC) : 22 - ().StoneCoupIn
	  VALID VAR(STATIC) : 23 - ().StoneCoupOut
	  VALID VAR(STATIC) : 24 - ().UnitStone
	  VALID VAR(STATIC) : 25 - ().MapChip
	  VALID VAR(STATIC) : 26 - ().Map
	  VALID VAR(STATIC) : 27 - ().Place
	  VALID VAR(STATIC) : 28 - ().UnitPlayer
	  VALID VAR(STATIC) : 29 - ().UnitStage
	  VALID VAR(STATIC) : 30 - ().ScrollX
	  VALID VAR(STATIC) : 31 - ().ScrollY
	  VALID VAR(STATIC) : 32 - SetStone().Index
	  VALID VAR(STATIC) : 33 - SetStone().In_Shape
	  VALID VAR(STATIC) : 34 - SetStone().In_Metrial
	  VALID VAR(STATIC) : 35 - SetStone().In_Power
	  VALID VAR(STATIC) : 36 - SetStone().In_State
	  VALID VAR(STATIC) : 37 - SetStone().In_X
	  VALID VAR(STATIC) : 38 - SetStone().In_Y
	  VALID VAR(STATIC) : 39 - GetStoneImageIndex().Index
	  VALID VAR(STATIC) : 40 - DrawStone().Index
	  VALID VAR(STATIC) : 41 - DrawStone().StageX
	  VALID VAR(STATIC) : 42 - DrawStone().StageY
	  VALID VAR(STATIC) : 43 - DrawMap().StartX
	  VALID VAR(STATIC) : 44 - DrawMap().StartY
	  VALID VAR(STATIC) : 45 - DrawMap().SizeX
	  VALID VAR(STATIC) : 46 - DrawMap().SizeY
	  VALID VAR(STATIC) : 47 - DrawMap().StageX
	  VALID VAR(STATIC) : 48 - DrawMap().StageY
	  VALID VAR(STATIC) : 49 - DrawMap().x
	  VALID VAR(STATIC) : 50 - DrawMap().y
	  VALID VAR(STATIC) : 51 - DrawPlayer().StageX
	  VALID VAR(STATIC) : 52 - DrawPlayer().StageY
	  VALID VAR(STATIC) : 53 - MovePlayer().Direction
	  VALID VAR(STATIC) : 54 - SetStage().Index
	  VALID VAR(STATIC) : 55 - DrawStage().Index
	  VALID VAR(STATIC) : 56 - IsMoveAbleCell().In_X
	  VALID VAR(STATIC) : 57 - IsMoveAbleCell().In_Y
	  VALID VAR(STATIC) : 58 - MoveStone().Index
	  VALID VAR(STATIC) : 59 - MoveStone().Direction
========================================================

============================== SYMBOL POOL ==============================
0  th SYMBOL POOL[0x00000B64] : Real Offset 0x00000B64
1  th SYMBOL POOL[0x00000B68] : Real Offset 0x00000B68
2  th SYMBOL POOL[0x00000B6C] : Real Offset 0x00000B6C
3  th SYMBOL POOL[0x00000B70] : Real Offset 0x00000B70
4  th SYMBOL POOL[0x00000B74] : Real Offset 0x00000B74
5  th SYMBOL POOL[0x00000B78] : Real Offset 0x00000B78
6  th SYMBOL POOL[0x00000B7C] : Real Offset 0x00000B7C
7  th SYMBOL POOL[0x00000B80] : Real Offset 0x00000B80
8  th SYMBOL POOL[0x00000B84] : Real Offset 0x00000B84
9  th SYMBOL POOL[0x00000B88] : Real Offset 0x00000B88
10 th SYMBOL POOL[0x00000B8C] : Real Offset 0x00000B8C
11 th SYMBOL POOL[0x00000B98] : Real Offset 0x00000B98
12 th SYMBOL POOL[0x00000BB8] : Real Offset 0x00000BB8
13 th SYMBOL POOL[0x00000C5C] : Real Offset 0x00000C5C
14 th SYMBOL POOL[0x00000E5C] : Real Offset 0x00000E5C
15 th SYMBOL POOL[0x0000125C] : Real Offset 0x0000125C
16 th SYMBOL POOL[0x00001260] : Real Offset 0x00001260
17 th SYMBOL POOL[0x00001264] : Real Offset 0x00001264
18 th SYMBOL POOL[0x00001268] : Real Offset 0x00001268
19 th SYMBOL POOL[0x0000126C] : Real Offset 0x0000126C
20 th SYMBOL POOL[0x00001270] : Real Offset 0x00001270
21 th SYMBOL POOL[0x00001274] : Real Offset 0x00001274
22 th SYMBOL POOL[0x00001278] : Real Offset 0x00001278
23 th SYMBOL POOL[0x0000127C] : Real Offset 0x0000127C
24 th SYMBOL POOL[0x00001280] : Real Offset 0x00001280
25 th SYMBOL POOL[0x00001460] : Real Offset 0x00001460
26 th SYMBOL POOL[0x00001474] : Real Offset 0x00001474
27 th SYMBOL POOL[0x00001658] : Real Offset 0x00001658
28 th SYMBOL POOL[0x000017E8] : Real Offset 0x000017E8
29 th SYMBOL POOL[0x000017FC] : Real Offset 0x000017FC
30 th SYMBOL POOL[0x00001844] : Real Offset 0x00001844
31 th SYMBOL POOL[0x00001848] : Real Offset 0x00001848
32 th SYMBOL POOL[0x0000184C] : Real Offset 0x0000184C
33 th SYMBOL POOL[0x00001850] : Real Offset 0x00001850
34 th SYMBOL POOL[0x00001854] : Real Offset 0x00001854
35 th SYMBOL POOL[0x00001858] : Real Offset 0x00001858
36 th SYMBOL POOL[0x0000185C] : Real Offset 0x0000185C
37 th SYMBOL POOL[0x00001860] : Real Offset 0x00001860
38 th SYMBOL POOL[0x00001864] : Real Offset 0x00001864
39 th SYMBOL POOL[0x00001868] : Real Offset 0x00001868
40 th SYMBOL POOL[0x0000186C] : Real Offset 0x0000186C
41 th SYMBOL POOL[0x00001870] : Real Offset 0x00001870
42 th SYMBOL POOL[0x00001874] : Real Offset 0x00001874
43 th SYMBOL POOL[0x00001878] : Real Offset 0x00001878
44 th SYMBOL POOL[0x0000187C] : Real Offset 0x0000187C
45 th SYMBOL POOL[0x00001880] : Real Offset 0x00001880
46 th SYMBOL POOL[0x00001884] : Real Offset 0x00001884
47 th SYMBOL POOL[0x00001888] : Real Offset 0x00001888
48 th SYMBOL POOL[0x0000188C] : Real Offset 0x0000188C
49 th SYMBOL POOL[0x00001890] : Real Offset 0x00001890
50 th SYMBOL POOL[0x00001894] : Real Offset 0x00001894
51 th SYMBOL POOL[0x00001898] : Real Offset 0x00001898
52 th SYMBOL POOL[0x0000189C] : Real Offset 0x0000189C
53 th SYMBOL POOL[0x000018A0] : Real Offset 0x000018A0
54 th SYMBOL POOL[0x000018A4] : Real Offset 0x000018A4
55 th SYMBOL POOL[0x000018A8] : Real Offset 0x000018A8
56 th SYMBOL POOL[0x000018AC] : Real Offset 0x000018AC
57 th SYMBOL POOL[0x000018B0] : Real Offset 0x000018B0
58 th SYMBOL POOL[0x000018B4] : Real Offset 0x000018B4
59 th SYMBOL POOL[0x000018B8] : Real Offset 0x000018B8
